<?xml version="1.0" encoding="UTF-8"?>
<testng-results ignored="0" total="2" passed="2" failed="0" skipped="0">
  <reporter-output>
  </reporter-output>
  <suite started-at="2024-03-18T14:54:21 IST" name="Suite1" finished-at="2024-03-18T14:54:52 IST" duration-ms="30928">
    <groups>
    </groups>
    <test started-at="2024-03-18T14:54:21 IST" name="Nopackage" finished-at="2024-03-18T14:54:52 IST" duration-ms="30928">
      <class name="com.hrms.testscripts.TC001">
        <test-method signature="tc001()[pri:0, instance:com.hrms.testscripts.TC001@7181ae3f]" started-at="2024-03-18T14:54:21 IST" name="tc001" finished-at="2024-03-18T14:54:44 IST" duration-ms="22995" status="PASS">
          <reporter-output>
          </reporter-output>
        </test-method> <!-- tc001 -->
      </class> <!-- com.hrms.testscripts.TC001 -->
      <class name="com.hrms.testscripts.TC002">
        <test-method signature="tc002()[pri:0, instance:com.hrms.testscripts.TC002@679b62af]" started-at="2024-03-18T14:54:44 IST" name="tc002" finished-at="2024-03-18T14:54:52 IST" duration-ms="7900" status="PASS">
          <reporter-output>
          </reporter-output>
        </test-method> <!-- tc002 -->
      </class> <!-- com.hrms.testscripts.TC002 -->
    </test> <!-- Nopackage -->
  </suite> <!-- Suite1 -->
</testng-results>
